 
===========================================================================
Publish-SteamAppManifests.ps1
Executed : Monday, 30 January 2023 22:26:15
===========================================================================
10:26:15 pm [.] : Steam is installed in 'C:\Program Files (x86)\Steam'
10:26:15 pm [.] : Additional Steam library found in 'C:\Program Files (x86)\Steam'
10:26:15 pm [.] : Additional Steam library found in 'F:\Steam'
10:26:15 pm [.] : Additional Steam library found in 'D:\Steam'
10:26:15 pm [.] : Loading app info from Steam Store...
10:26:26 pm [.] : ... 154721 IDs enumerated
10:26:26 pm [.] : Loading AppIDs for games owned by Local Users...
10:26:29 pm [.] : ... 212 IDs enumerated
10:26:29 pm [.] : Filtering Apps to owned only... (this may take a minute or two)
10:26:43 pm [.] : ... Done!
10:26:44 pm [.] : Getting install directories from C:\Program Files (x86)\Steam\SteamApps\Common ...
10:26:45 pm [.] : ... 4 directories enumerated
10:26:45 pm [.] : ----------------------------------------------------------------------------------------------------
10:26:45 pm [.] : Trying AppID Lookup table ...
10:26:45 pm [.] : ----------------------------------------------------------------------------------------------------
10:26:45 pm [.] : ----------------------------------------------------------------------------------------------------
10:26:45 pm [.] : ... query complete. 0 missing app manifest(s) (0 total), 2 unmatched
10:26:45 pm [.] : ----------------------------------------------------------------------------------------------------
10:26:45 pm [.] : ----------------------------------------------------------------------------------------------------
10:26:45 pm [.] : Trying (Name -eq DisplayName for installed software) ...
10:26:45 pm [.] : ----------------------------------------------------------------------------------------------------
10:26:45 pm [.] : ----------------------------------------------------------------------------------------------------
10:26:45 pm [.] : ... query complete. 0 missing app manifest(s) (0 total), 0 unmatched
10:26:45 pm [.] : ----------------------------------------------------------------------------------------------------
10:26:45 pm [.] : Getting install directories from F:\Steam\SteamApps\Common ...
10:26:46 pm [.] : ... 43 directories enumerated
10:26:46 pm [.] : ----------------------------------------------------------------------------------------------------
10:26:46 pm [.] : Trying AppID Lookup table ...
10:26:46 pm [.] : ----------------------------------------------------------------------------------------------------
10:26:46 pm [.] : Search term 'Voidspace' returned 2 results
10:26:46 pm [.] : ----------------------------------------------------------------------------------------------------
10:26:46 pm [.] : ... query complete. 0 missing app manifest(s) (0 total), 11 unmatched
10:26:46 pm [.] : ----------------------------------------------------------------------------------------------------
10:26:46 pm [.] : ----------------------------------------------------------------------------------------------------
10:26:46 pm [.] : Trying (Name -eq DisplayName for installed software) ...
10:26:46 pm [.] : ----------------------------------------------------------------------------------------------------
10:26:46 pm [.] : ----------------------------------------------------------------------------------------------------
10:26:46 pm [.] : ... query complete. 0 missing app manifest(s) (0 total), 0 unmatched
10:26:46 pm [.] : ----------------------------------------------------------------------------------------------------
10:26:46 pm [.] : Getting install directories from D:\Steam\SteamApps\Common ...
10:26:46 pm [.] : ... 3 directories enumerated
10:26:46 pm [.] : ----------------------------------------------------------------------------------------------------
10:26:46 pm [.] : Trying AppID Lookup table ...
10:26:46 pm [.] : ----------------------------------------------------------------------------------------------------
10:26:46 pm [.] : ----------------------------------------------------------------------------------------------------
10:26:46 pm [.] : ... query complete. 0 missing app manifest(s) (0 total), 0 unmatched
10:26:46 pm [.] : ----------------------------------------------------------------------------------------------------
===========================================================================
Execution halted : Monday, 30 January 2023 22:26:46
Reason : Script Successful! 0 folders could not be matched - check unmatched.log for a list
===========================================================================
